<?xml version="1.0" encoding="UTF-8"?>
<testng-results ignored="0" total="1" passed="0" failed="1" skipped="0">
  <reporter-output>
    <line>
      <![CDATA[createOrgTest started executing....]]>
    </line>
    <line>
      <![CDATA[createOrgTest got Failed....]]>
    </line>
  </reporter-output>
  <suite started-at="2025-06-26T13:12:23 IST" name="Default suite" finished-at="2025-06-26T13:14:04 IST" duration-ms="100583">
    <groups>
    </groups>
    <test started-at="2025-06-26T13:12:23 IST" name="Default test" finished-at="2025-06-26T13:14:04 IST" duration-ms="100583">
      <class name="com.crm.vtiger.organization.CreateOrgTest">
        <test-method is-config="true" signature="dbCon()[pri:0, instance:com.crm.vtiger.organization.CreateOrgTest@67080771]" started-at="2025-06-26T13:12:23 IST" name="dbCon" finished-at="2025-06-26T13:12:23 IST" duration-ms="12" status="PASS">
          <reporter-output>
          </reporter-output>
        </test-method> <!-- dbCon -->
        <test-method is-config="true" signature="preCon()[pri:0, instance:com.crm.vtiger.organization.CreateOrgTest@67080771]" started-at="2025-06-26T13:12:23 IST" name="preCon" finished-at="2025-06-26T13:12:23 IST" duration-ms="1" status="PASS">
          <reporter-output>
          </reporter-output>
        </test-method> <!-- preCon -->
        <test-method is-config="true" signature="openBro()[pri:0, instance:com.crm.vtiger.organization.CreateOrgTest@67080771]" started-at="2025-06-26T13:12:23 IST" name="openBro" finished-at="2025-06-26T13:12:26 IST" duration-ms="3334" status="PASS">
          <reporter-output>
          </reporter-output>
        </test-method> <!-- openBro -->
        <test-method is-config="true" signature="login()[pri:0, instance:com.crm.vtiger.organization.CreateOrgTest@67080771]" started-at="2025-06-26T13:12:26 IST" name="login" finished-at="2025-06-26T13:12:48 IST" duration-ms="21434" status="PASS">
          <reporter-output>
          </reporter-output>
        </test-method> <!-- login -->
        <test-method signature="createOrgTest()[pri:0, instance:com.crm.vtiger.organization.CreateOrgTest@67080771]" started-at="2025-06-26T13:12:48 IST" name="createOrgTest" finished-at="2025-06-26T13:13:57 IST" duration-ms="69285" status="FAIL">
          <exception class="java.lang.AssertionError">
            <message>
              <![CDATA[expected [true] but found [false]]]>
            </message>
            <full-stacktrace>
              <![CDATA[java.lang.AssertionError: expected [true] but found [false]
at org.testng.Assert.fail(Assert.java:111)
at org.testng.Assert.failNotEquals(Assert.java:1578)
at org.testng.Assert.assertTrue(Assert.java:57)
at org.testng.Assert.assertTrue(Assert.java:67)
at com.crm.vtiger.organization.CreateOrgTest.createOrgTest(CreateOrgTest.java:39)
at java.base/jdk.internal.reflect.DirectMethodHandleAccessor.invoke(DirectMethodHandleAccessor.java:103)
at java.base/java.lang.reflect.Method.invoke(Method.java:580)
at org.testng.internal.invokers.MethodInvocationHelper.invokeMethod(MethodInvocationHelper.java:141)
at org.testng.internal.invokers.TestInvoker.invokeMethod(TestInvoker.java:686)
at org.testng.internal.invokers.TestInvoker.invokeTestMethod(TestInvoker.java:230)
at org.testng.internal.invokers.MethodRunner.runInSequence(MethodRunner.java:63)
at org.testng.internal.invokers.TestInvoker$MethodInvocationAgent.invoke(TestInvoker.java:992)
at org.testng.internal.invokers.TestInvoker.invokeTestMethods(TestInvoker.java:203)
at org.testng.internal.invokers.TestMethodWorker.invokeTestMethods(TestMethodWorker.java:154)
at org.testng.internal.invokers.TestMethodWorker.run(TestMethodWorker.java:134)
at java.base/java.util.ArrayList.forEach(ArrayList.java:1597)
at org.testng.TestRunner.privateRun(TestRunner.java:739)
at org.testng.TestRunner.run(TestRunner.java:614)
at org.testng.SuiteRunner.runTest(SuiteRunner.java:421)
at org.testng.SuiteRunner.runSequentially(SuiteRunner.java:413)
at org.testng.SuiteRunner.privateRun(SuiteRunner.java:373)
at org.testng.SuiteRunner.run(SuiteRunner.java:312)
at org.testng.SuiteRunnerWorker.runSuite(SuiteRunnerWorker.java:52)
at org.testng.SuiteRunnerWorker.run(SuiteRunnerWorker.java:95)
at org.testng.TestNG.runSuitesSequentially(TestNG.java:1274)
at org.testng.TestNG.runSuitesLocally(TestNG.java:1208)
at org.testng.TestNG.runSuites(TestNG.java:1112)
at org.testng.TestNG.run(TestNG.java:1079)
at org.testng.remote.AbstractRemoteTestNG.run(AbstractRemoteTestNG.java:115)
at org.testng.remote.RemoteTestNG.initAndRun(RemoteTestNG.java:293)
at org.testng.remote.RemoteTestNG.main(RemoteTestNG.java:91)
]]>
            </full-stacktrace>
          </exception> <!-- java.lang.AssertionError -->
          <reporter-output>
            <line>
              <![CDATA[createOrgTest started executing....]]>
            </line>
            <line>
              <![CDATA[createOrgTest got Failed....]]>
            </line>
          </reporter-output>
        </test-method> <!-- createOrgTest -->
        <test-method is-config="true" signature="logout()[pri:0, instance:com.crm.vtiger.organization.CreateOrgTest@67080771]" started-at="2025-06-26T13:13:57 IST" name="logout" finished-at="2025-06-26T13:14:02 IST" duration-ms="4787" status="PASS">
          <reporter-output>
          </reporter-output>
        </test-method> <!-- logout -->
        <test-method is-config="true" signature="closeBro()[pri:0, instance:com.crm.vtiger.organization.CreateOrgTest@67080771]" started-at="2025-06-26T13:14:02 IST" name="closeBro" finished-at="2025-06-26T13:14:04 IST" duration-ms="1490" status="PASS">
          <reporter-output>
          </reporter-output>
        </test-method> <!-- closeBro -->
        <test-method is-config="true" signature="postCon()[pri:0, instance:com.crm.vtiger.organization.CreateOrgTest@67080771]" started-at="2025-06-26T13:14:04 IST" name="postCon" finished-at="2025-06-26T13:14:04 IST" duration-ms="0" status="PASS">
          <reporter-output>
          </reporter-output>
        </test-method> <!-- postCon -->
        <test-method is-config="true" signature="dbClose()[pri:0, instance:com.crm.vtiger.organization.CreateOrgTest@67080771]" started-at="2025-06-26T13:14:04 IST" name="dbClose" finished-at="2025-06-26T13:14:04 IST" duration-ms="0" status="PASS">
          <reporter-output>
          </reporter-output>
        </test-method> <!-- dbClose -->
      </class> <!-- com.crm.vtiger.organization.CreateOrgTest -->
    </test> <!-- Default test -->
  </suite> <!-- Default suite -->
</testng-results>
